<?xml version="1.0" encoding="UTF-8"?>
<testng-results skipped="0" failed="0" ignored="0" total="2" passed="2">
  <reporter-output>
  </reporter-output>
  <suite name="Command line suite" duration-ms="39" started-at="2019-06-17T06:43:45Z" finished-at="2019-06-17T06:43:45Z">
    <groups>
    </groups>
    <test name="Command line test" duration-ms="39" started-at="2019-06-17T06:43:45Z" finished-at="2019-06-17T06:43:45Z">
      <class name="MavenTestNGCircleCIGITPractice.MavenTestNGCircleCIGITPractice.AppTest">
        <test-method status="PASS" signature="testApp()[pri:0, instance:MavenTestNGCircleCIGITPractice.MavenTestNGCircleCIGITPractice.AppTest@7a5d012c]" name="testApp" duration-ms="2" started-at="2019-06-17T06:43:45Z" finished-at="2019-06-17T06:43:45Z">
          <reporter-output>
          </reporter-output>
        </test-method> <!-- testApp -->
      </class> <!-- MavenTestNGCircleCIGITPractice.MavenTestNGCircleCIGITPractice.AppTest -->
      <class name="TestNG_Run">
        <test-method status="PASS" signature="beforeTest()[pri:0, instance:TestNG_Run@3cda1055]" name="beforeTest" is-config="true" duration-ms="21" started-at="2019-06-17T06:43:45Z" finished-at="2019-06-17T06:43:45Z">
          <reporter-output>
          </reporter-output>
        </test-method> <!-- beforeTest -->
        <test-method status="PASS" signature="afterTest()[pri:0, instance:TestNG_Run@3cda1055]" name="afterTest" is-config="true" duration-ms="1" started-at="2019-06-17T06:43:45Z" finished-at="2019-06-17T06:43:45Z">
          <reporter-output>
          </reporter-output>
        </test-method> <!-- afterTest -->
        <test-method status="PASS" signature="f()[pri:0, instance:TestNG_Run@3cda1055]" name="f" duration-ms="0" started-at="2019-06-17T06:43:45Z" finished-at="2019-06-17T06:43:45Z">
          <reporter-output>
          </reporter-output>
        </test-method> <!-- f -->
      </class> <!-- TestNG_Run -->
    </test> <!-- Command line test -->
  </suite> <!-- Command line suite -->
</testng-results>
