<?xml version="1.0" encoding="UTF-8"?>
<testng-results skipped="0" failed="0" ignored="0" total="1" passed="1">
  <reporter-output>
  </reporter-output>
  <suite name="Default suite" duration-ms="43" started-at="2019-06-17T06:18:01Z" finished-at="2019-06-17T06:18:01Z">
    <groups>
    </groups>
    <test name="Default test" duration-ms="43" started-at="2019-06-17T06:18:01Z" finished-at="2019-06-17T06:18:01Z">
      <class name="TestNG_Run">
        <test-method status="PASS" signature="beforeTest()[pri:0, instance:TestNG_Run@1bce4f0a]" name="beforeTest" is-config="true" duration-ms="13" started-at="2019-06-17T06:18:01Z" finished-at="2019-06-17T06:18:01Z">
          <reporter-output>
          </reporter-output>
        </test-method> <!-- beforeTest -->
        <test-method status="PASS" signature="f()[pri:0, instance:TestNG_Run@1bce4f0a]" name="f" duration-ms="4" started-at="2019-06-17T06:18:01Z" finished-at="2019-06-17T06:18:01Z">
          <reporter-output>
          </reporter-output>
        </test-method> <!-- f -->
        <test-method status="PASS" signature="afterTest()[pri:0, instance:TestNG_Run@1bce4f0a]" name="afterTest" is-config="true" duration-ms="0" started-at="2019-06-17T06:18:01Z" finished-at="2019-06-17T06:18:01Z">
          <reporter-output>
          </reporter-output>
        </test-method> <!-- afterTest -->
      </class> <!-- TestNG_Run -->
    </test> <!-- Default test -->
  </suite> <!-- Default suite -->
</testng-results>
